2025-04-13 13:41:51.615729 - Received CBT.V508.FILE1052.PDS from FILE1052.XMI 
2025-04-13 13:41:51.617112 - Found $$$#DATE.txt (text/plain) in CBT.V508.FILE1052.PDS, moved to PDS/$$$#DATE
2025-04-13 13:41:51.617211 - Found $$STORY.txt (text/plain) in CBT.V508.FILE1052.PDS, moved to PDS/$$STORY
2025-04-13 13:41:51.617279 - Found @FIL1052.txt (text/plain) in CBT.V508.FILE1052.PDS, moved to PDS/@FIL1052
2025-04-13 13:41:51.617349 - Found DVAT.txt (text/plain) in CBT.V508.FILE1052.PDS, moved to PDS/DVAT
2025-04-13 13:41:51.617408 - Found DVAT$.jcl (text/plain) in CBT.V508.FILE1052.PDS, moved to PDS/DVAT$
2025-04-13 13:41:51.617503 - Found TSOB.rexx (text/plain) in CBT.V508.FILE1052.PDS, moved to PDS/TSOB
2025-04-13 13:41:51.617597 - Found TSOE.rexx (text/plain) in CBT.V508.FILE1052.PDS, moved to PDS/TSOE
2025-04-13 13:41:51.617682 - Found TSOR.rexx (text/plain) in CBT.V508.FILE1052.PDS, moved to PDS/TSOR
2025-04-13 13:41:51.617769 - Found TSOV.rexx (text/plain) in CBT.V508.FILE1052.PDS, moved to PDS/TSOV
2025-04-13 13:41:51.617874 - Found UCBDASD.txt (text/plain) in CBT.V508.FILE1052.PDS, moved to PDS/UCBDASD
2025-04-13 13:41:51.617936 - Found UCBDASD$.jcl (text/plain) in CBT.V508.FILE1052.PDS, moved to PDS/UCBDASD$
2025-04-13 13:41:51.618020 - Found UCBPRIA.txt (text/plain) in CBT.V508.FILE1052.PDS, moved to PDS/UCBPRIA
2025-04-13 13:41:51.618077 - Found UCBPRIA$.jcl (text/plain) in CBT.V508.FILE1052.PDS, moved to PDS/UCBPRIA$
2025-04-13 13:41:51.618197 - Found UCBPRIV.txt (text/plain) in CBT.V508.FILE1052.PDS, moved to PDS/UCBPRIV
2025-04-13 13:41:51.618261 - Found UCBPRIV$.jcl (text/plain) in CBT.V508.FILE1052.PDS, moved to PDS/UCBPRIV$
2025-04-13 13:41:51.618322 - Found UCBPRIV#.txt (text/plain) in CBT.V508.FILE1052.PDS, moved to PDS/UCBPRIV#
2025-04-13 13:41:51.618405 - Found UCBPUBL.txt (text/plain) in CBT.V508.FILE1052.PDS, moved to PDS/UCBPUBL
2025-04-13 13:41:51.618465 - Found UCBPUBL$.jcl (text/plain) in CBT.V508.FILE1052.PDS, moved to PDS/UCBPUBL$
2025-04-13 13:41:51.618520 - Found UCBPUBL#.txt (text/plain) in CBT.V508.FILE1052.PDS, moved to PDS/UCBPUBL#
2025-04-13 13:41:51.618602 - Found UCBSTOR.txt (text/plain) in CBT.V508.FILE1052.PDS, moved to PDS/UCBSTOR
2025-04-13 13:41:51.618661 - Found UCBSTOR$.jcl (text/plain) in CBT.V508.FILE1052.PDS, moved to PDS/UCBSTOR$
2025-04-13 13:41:51.618717 - Found UCBSTOR#.txt (text/plain) in CBT.V508.FILE1052.PDS, moved to PDS/UCBSTOR#
